
*** Permuting Example 3 ==> creating new Example 4 ***

*** Evaluating UNIQUE QUERY on DB ex5.pl ***
clingo version 5.2.0
Reading from unique.pl ...
Solving...
Answer: 1
normal(o1) normal(o3) normal(o4) special(o2) unique(o2,color,green)
SATISFIABLE

Models       : 1
Calls        : 1
Time         : 0.001s (Solving: 0.00s 1st Model: 0.00s Unsat: 0.00s)
CPU Time     : 0.001s

*** Evaluating UNIQUE QUERY on DB ex5.pl ***
clingo version 5.2.0
Reading from unique.pl ...
Solving...
Answer: 1
normal(o1) normal(o2) normal(o4) special(o3) unique(o3,shape,circle)
SATISFIABLE

Models       : 1
Calls        : 1
Time         : 0.001s (Solving: 0.00s 1st Model: 0.00s Unsat: 0.00s)
CPU Time     : 0.001s

*** Evaluating UNIQUE QUERY on DB ex5.pl ***
clingo version 5.2.0
Reading from unique.pl ...
Solving...
Answer: 1
normal(o2) normal(o4) special(o1) special(o3) unique(o1,size,small) unique(o3,shape,circle)
SATISFIABLE

Models       : 1
Calls        : 1
Time         : 0.001s (Solving: 0.00s 1st Model: 0.00s Unsat: 0.00s)
CPU Time     : 0.001s

*** Evaluating UNIQUE QUERY on DB ex5.pl ***
clingo version 5.2.0
Reading from unique.pl ...
Solving...
Answer: 1
normal(o2) normal(o4) special(o1) special(o3) unique(o1,shape,circle) unique(o3,size,small)
SATISFIABLE

Models       : 1
Calls        : 1
Time         : 0.001s (Solving: 0.00s 1st Model: 0.00s Unsat: 0.00s)
CPU Time     : 0.001s

*** Evaluating UNIQUE QUERY on DB ex5.pl ***
clingo version 5.2.0
Reading from unique.pl ...
Solving...
Answer: 1
normal(o4) special(o1) special(o2) special(o3) unique(o1,size,small) unique(o2,color,green) unique(o3,shape,circle)
SATISFIABLE

Models       : 1
Calls        : 1
Time         : 0.001s (Solving: 0.00s 1st Model: 0.00s Unsat: 0.00s)
CPU Time     : 0.001s

*** Evaluating AUTOMORPHISM on DB ex5.pl ***
clingo version 5.2.0
Reading from ex1.pl ...
Solving...
Answer: 1
m(o1,o3) m(t(o1,color,red),t(o3,color,red)) m(t(o1,shape,box),t(o3,size,large)) m(t(o1,size,large),t(o3,shape,box)) m(o2,o2) m(t(o2,color,green),t(o2,color,green)) m(t(o2,shape,box),t(o2,size,large)) m(t(o2,size,large),t(o2,shape,box)) m(o3,o4) m(t(o3,color,red),t(o4,color,red)) m(t(o3,shape,box),t(o4,size,large)) m(t(o3,size,large),t(o4,shape,box)) m(t(o4,color,red),t(o1,color,red)) m(o4,o1) m(t(o4,shape,box),t(o1,size,large)) m(t(o4,size,large),t(o1,shape,box)) m(color,color) m(shape,large) m(size,shape) m(red,red) m(box,size) m(large,box) m(green,green)
Answer: 2
m(o1,o3) m(t(o1,color,red),t(o3,color,red)) m(t(o1,shape,box),t(o3,size,large)) m(t(o1,size,large),t(o3,shape,box)) m(o2,o2) m(t(o2,color,green),t(o2,color,green)) m(t(o2,shape,box),t(o2,size,large)) m(t(o2,size,large),t(o2,shape,box)) m(o3,o4) m(t(o3,color,red),t(o4,color,red)) m(t(o3,shape,box),t(o4,size,large)) m(t(o3,size,large),t(o4,shape,box)) m(t(o4,color,red),t(o1,color,red)) m(o4,o1) m(t(o4,shape,box),t(o1,size,large)) m(t(o4,size,large),t(o1,shape,box)) m(color,color) m(shape,large) m(size,box) m(red,red) m(box,size) m(large,shape) m(green,green)
Answer: 3
m(o1,o3) m(t(o1,color,red),t(o3,color,red)) m(t(o1,shape,box),t(o3,size,large)) m(t(o1,size,large),t(o3,shape,box)) m(o2,o2) m(t(o2,color,green),t(o2,color,green)) m(t(o2,shape,box),t(o2,size,large)) m(t(o2,size,large),t(o2,shape,box)) m(o3,o4) m(t(o3,color,red),t(o4,color,red)) m(t(o3,shape,box),t(o4,size,large)) m(t(o3,size,large),t(o4,shape,box)) m(t(o4,color,red),t(o1,color,red)) m(o4,o1) m(t(o4,shape,box),t(o1,size,large)) m(t(o4,size,large),t(o1,shape,box)) m(color,color) m(shape,size) m(size,shape) m(red,red) m(box,large) m(large,box) m(green,green)
Answer: 4
m(o1,o3) m(t(o1,color,red),t(o3,color,red)) m(t(o1,shape,box),t(o3,size,large)) m(t(o1,size,large),t(o3,shape,box)) m(o2,o2) m(t(o2,color,green),t(o2,color,green)) m(t(o2,shape,box),t(o2,size,large)) m(t(o2,size,large),t(o2,shape,box)) m(o3,o4) m(t(o3,color,red),t(o4,color,red)) m(t(o3,shape,box),t(o4,size,large)) m(t(o3,size,large),t(o4,shape,box)) m(t(o4,color,red),t(o1,color,red)) m(o4,o1) m(t(o4,shape,box),t(o1,size,large)) m(t(o4,size,large),t(o1,shape,box)) m(color,color) m(shape,size) m(size,box) m(red,red) m(box,large) m(large,shape) m(green,green)
Answer: 5
m(t(o1,color,red),t(o1,color,red)) m(o1,o1) m(t(o1,shape,box),t(o1,size,large)) m(t(o1,size,large),t(o1,shape,box)) m(o2,o2) m(t(o2,color,green),t(o2,color,green)) m(t(o2,shape,box),t(o2,size,large)) m(t(o2,size,large),t(o2,shape,box)) m(o3,o4) m(t(o3,color,red),t(o4,color,red)) m(t(o3,shape,box),t(o4,size,large)) m(t(o3,size,large),t(o4,shape,box)) m(o4,o3) m(t(o4,color,red),t(o3,color,red)) m(t(o4,shape,box),t(o3,size,large)) m(t(o4,size,large),t(o3,shape,box)) m(color,color) m(shape,large) m(size,box) m(red,red) m(box,size) m(large,shape) m(green,green)
Answer: 6
m(t(o1,color,red),t(o1,color,red)) m(o1,o1) m(t(o1,shape,box),t(o1,size,large)) m(t(o1,size,large),t(o1,shape,box)) m(o2,o2) m(t(o2,color,green),t(o2,color,green)) m(t(o2,shape,box),t(o2,size,large)) m(t(o2,size,large),t(o2,shape,box)) m(o3,o4) m(t(o3,color,red),t(o4,color,red)) m(t(o3,shape,box),t(o4,size,large)) m(t(o3,size,large),t(o4,shape,box)) m(o4,o3) m(t(o4,color,red),t(o3,color,red)) m(t(o4,shape,box),t(o3,size,large)) m(t(o4,size,large),t(o3,shape,box)) m(color,color) m(shape,size) m(size,box) m(red,red) m(box,large) m(large,shape) m(green,green)
Answer: 7
m(t(o1,color,red),t(o1,color,red)) m(o1,o1) m(t(o1,shape,box),t(o1,size,large)) m(t(o1,size,large),t(o1,shape,box)) m(o2,o2) m(t(o2,color,green),t(o2,color,green)) m(t(o2,shape,box),t(o2,size,large)) m(t(o2,size,large),t(o2,shape,box)) m(o3,o4) m(t(o3,color,red),t(o4,color,red)) m(t(o3,shape,box),t(o4,size,large)) m(t(o3,size,large),t(o4,shape,box)) m(o4,o3) m(t(o4,color,red),t(o3,color,red)) m(t(o4,shape,box),t(o3,size,large)) m(t(o4,size,large),t(o3,shape,box)) m(color,color) m(shape,large) m(size,shape) m(red,red) m(box,size) m(large,box) m(green,green)
Answer: 8
m(t(o1,color,red),t(o1,color,red)) m(o1,o1) m(t(o1,shape,box),t(o1,size,large)) m(t(o1,size,large),t(o1,shape,box)) m(o2,o2) m(t(o2,color,green),t(o2,color,green)) m(t(o2,shape,box),t(o2,size,large)) m(t(o2,size,large),t(o2,shape,box)) m(o3,o4) m(t(o3,color,red),t(o4,color,red)) m(t(o3,shape,box),t(o4,size,large)) m(t(o3,size,large),t(o4,shape,box)) m(o4,o3) m(t(o4,color,red),t(o3,color,red)) m(t(o4,shape,box),t(o3,size,large)) m(t(o4,size,large),t(o3,shape,box)) m(color,color) m(shape,size) m(size,shape) m(red,red) m(box,large) m(large,box) m(green,green)
Answer: 9
m(o1,o3) m(t(o1,color,red),t(o3,color,red)) m(t(o1,shape,box),t(o3,shape,box)) m(t(o1,size,large),t(o3,size,large)) m(o2,o2) m(t(o2,color,green),t(o2,color,green)) m(t(o2,shape,box),t(o2,shape,box)) m(t(o2,size,large),t(o2,size,large)) m(o3,o4) m(t(o3,color,red),t(o4,color,red)) m(t(o3,shape,box),t(o4,shape,box)) m(t(o3,size,large),t(o4,size,large)) m(t(o4,color,red),t(o1,color,red)) m(o4,o1) m(t(o4,shape,box),t(o1,shape,box)) m(t(o4,size,large),t(o1,size,large)) m(color,color) m(shape,box) m(size,size) m(red,red) m(box,shape) m(large,large) m(green,green)
Answer: 10
m(o1,o3) m(t(o1,color,red),t(o3,color,red)) m(t(o1,shape,box),t(o3,shape,box)) m(t(o1,size,large),t(o3,size,large)) m(o2,o2) m(t(o2,color,green),t(o2,color,green)) m(t(o2,shape,box),t(o2,shape,box)) m(t(o2,size,large),t(o2,size,large)) m(o3,o4) m(t(o3,color,red),t(o4,color,red)) m(t(o3,shape,box),t(o4,shape,box)) m(t(o3,size,large),t(o4,size,large)) m(t(o4,color,red),t(o1,color,red)) m(o4,o1) m(t(o4,shape,box),t(o1,shape,box)) m(t(o4,size,large),t(o1,size,large)) m(color,color) m(shape,box) m(size,large) m(red,red) m(box,shape) m(large,size) m(green,green)
Answer: 11
m(t(o1,color,red),t(o1,color,red)) m(o1,o1) m(t(o1,shape,box),t(o1,shape,box)) m(t(o1,size,large),t(o1,size,large)) m(o2,o2) m(t(o2,color,green),t(o2,color,green)) m(t(o2,shape,box),t(o2,shape,box)) m(t(o2,size,large),t(o2,size,large)) m(o3,o4) m(t(o3,color,red),t(o4,color,red)) m(t(o3,shape,box),t(o4,shape,box)) m(t(o3,size,large),t(o4,size,large)) m(o4,o3) m(t(o4,color,red),t(o3,color,red)) m(t(o4,shape,box),t(o3,shape,box)) m(t(o4,size,large),t(o3,size,large)) m(color,color) m(shape,box) m(size,size) m(red,red) m(box,shape) m(large,large) m(green,green)
Answer: 12
m(t(o1,color,red),t(o1,color,red)) m(o1,o1) m(t(o1,shape,box),t(o1,shape,box)) m(t(o1,size,large),t(o1,size,large)) m(o2,o2) m(t(o2,color,green),t(o2,color,green)) m(t(o2,shape,box),t(o2,shape,box)) m(t(o2,size,large),t(o2,size,large)) m(o3,o4) m(t(o3,color,red),t(o4,color,red)) m(t(o3,shape,box),t(o4,shape,box)) m(t(o3,size,large),t(o4,size,large)) m(o4,o3) m(t(o4,color,red),t(o3,color,red)) m(t(o4,shape,box),t(o3,shape,box)) m(t(o4,size,large),t(o3,size,large)) m(color,color) m(shape,box) m(size,large) m(red,red) m(box,shape) m(large,size) m(green,green)
Answer: 13
m(o1,o3) m(t(o1,color,red),t(o3,color,red)) m(t(o1,shape,box),t(o3,shape,box)) m(t(o1,size,large),t(o3,size,large)) m(o2,o2) m(t(o2,color,green),t(o2,color,green)) m(t(o2,shape,box),t(o2,shape,box)) m(t(o2,size,large),t(o2,size,large)) m(o3,o4) m(t(o3,color,red),t(o4,color,red)) m(t(o3,shape,box),t(o4,shape,box)) m(t(o3,size,large),t(o4,size,large)) m(t(o4,color,red),t(o1,color,red)) m(o4,o1) m(t(o4,shape,box),t(o1,shape,box)) m(t(o4,size,large),t(o1,size,large)) m(color,color) m(shape,shape) m(size,size) m(red,red) m(box,box) m(large,large) m(green,green)
Answer: 14
m(o1,o3) m(t(o1,color,red),t(o3,color,red)) m(t(o1,shape,box),t(o3,shape,box)) m(t(o1,size,large),t(o3,size,large)) m(o2,o2) m(t(o2,color,green),t(o2,color,green)) m(t(o2,shape,box),t(o2,shape,box)) m(t(o2,size,large),t(o2,size,large)) m(o3,o4) m(t(o3,color,red),t(o4,color,red)) m(t(o3,shape,box),t(o4,shape,box)) m(t(o3,size,large),t(o4,size,large)) m(t(o4,color,red),t(o1,color,red)) m(o4,o1) m(t(o4,shape,box),t(o1,shape,box)) m(t(o4,size,large),t(o1,size,large)) m(color,color) m(shape,shape) m(size,large) m(red,red) m(box,box) m(large,size) m(green,green)
Answer: 15
m(t(o1,color,red),t(o1,color,red)) m(o1,o1) m(t(o1,shape,box),t(o1,shape,box)) m(t(o1,size,large),t(o1,size,large)) m(o2,o2) m(t(o2,color,green),t(o2,color,green)) m(t(o2,shape,box),t(o2,shape,box)) m(t(o2,size,large),t(o2,size,large)) m(o3,o4) m(t(o3,color,red),t(o4,color,red)) m(t(o3,shape,box),t(o4,shape,box)) m(t(o3,size,large),t(o4,size,large)) m(o4,o3) m(t(o4,color,red),t(o3,color,red)) m(t(o4,shape,box),t(o3,shape,box)) m(t(o4,size,large),t(o3,size,large)) m(color,color) m(shape,shape) m(size,size) m(red,red) m(box,box) m(large,large) m(green,green)
Answer: 16
m(t(o1,color,red),t(o1,color,red)) m(o1,o1) m(t(o1,shape,box),t(o1,shape,box)) m(t(o1,size,large),t(o1,size,large)) m(o2,o2) m(t(o2,color,green),t(o2,color,green)) m(t(o2,shape,box),t(o2,shape,box)) m(t(o2,size,large),t(o2,size,large)) m(o3,o4) m(t(o3,color,red),t(o4,color,red)) m(t(o3,shape,box),t(o4,shape,box)) m(t(o3,size,large),t(o4,size,large)) m(o4,o3) m(t(o4,color,red),t(o3,color,red)) m(t(o4,shape,box),t(o3,shape,box)) m(t(o4,size,large),t(o3,size,large)) m(color,color) m(shape,shape) m(size,large) m(red,red) m(box,box) m(large,size) m(green,green)
Answer: 17
m(o1,o4) m(t(o1,color,red),t(o4,color,red)) m(t(o1,shape,box),t(o4,shape,box)) m(t(o1,size,large),t(o4,size,large)) m(o2,o2) m(t(o2,color,green),t(o2,color,green)) m(t(o2,shape,box),t(o2,shape,box)) m(t(o2,size,large),t(o2,size,large)) m(o3,o3) m(t(o3,color,red),t(o3,color,red)) m(t(o3,shape,box),t(o3,shape,box)) m(t(o3,size,large),t(o3,size,large)) m(t(o4,color,red),t(o1,color,red)) m(o4,o1) m(t(o4,shape,box),t(o1,shape,box)) m(t(o4,size,large),t(o1,size,large)) m(color,color) m(shape,box) m(size,large) m(red,red) m(box,shape) m(large,size) m(green,green)
Answer: 18
m(o1,o4) m(t(o1,color,red),t(o4,color,red)) m(t(o1,shape,box),t(o4,shape,box)) m(t(o1,size,large),t(o4,size,large)) m(o2,o2) m(t(o2,color,green),t(o2,color,green)) m(t(o2,shape,box),t(o2,shape,box)) m(t(o2,size,large),t(o2,size,large)) m(o3,o3) m(t(o3,color,red),t(o3,color,red)) m(t(o3,shape,box),t(o3,shape,box)) m(t(o3,size,large),t(o3,size,large)) m(t(o4,color,red),t(o1,color,red)) m(o4,o1) m(t(o4,shape,box),t(o1,shape,box)) m(t(o4,size,large),t(o1,size,large)) m(color,color) m(shape,box) m(size,size) m(red,red) m(box,shape) m(large,large) m(green,green)
Answer: 19
m(o1,o4) m(t(o1,color,red),t(o4,color,red)) m(t(o1,shape,box),t(o4,shape,box)) m(t(o1,size,large),t(o4,size,large)) m(o2,o2) m(t(o2,color,green),t(o2,color,green)) m(t(o2,shape,box),t(o2,shape,box)) m(t(o2,size,large),t(o2,size,large)) m(o3,o3) m(t(o3,color,red),t(o3,color,red)) m(t(o3,shape,box),t(o3,shape,box)) m(t(o3,size,large),t(o3,size,large)) m(t(o4,color,red),t(o1,color,red)) m(o4,o1) m(t(o4,shape,box),t(o1,shape,box)) m(t(o4,size,large),t(o1,size,large)) m(color,color) m(shape,shape) m(size,large) m(red,red) m(box,box) m(large,size) m(green,green)
Answer: 20
m(o1,o4) m(t(o1,color,red),t(o4,color,red)) m(t(o1,shape,box),t(o4,shape,box)) m(t(o1,size,large),t(o4,size,large)) m(o2,o2) m(t(o2,color,green),t(o2,color,green)) m(t(o2,shape,box),t(o2,shape,box)) m(t(o2,size,large),t(o2,size,large)) m(o3,o3) m(t(o3,color,red),t(o3,color,red)) m(t(o3,shape,box),t(o3,shape,box)) m(t(o3,size,large),t(o3,size,large)) m(t(o4,color,red),t(o1,color,red)) m(o4,o1) m(t(o4,shape,box),t(o1,shape,box)) m(t(o4,size,large),t(o1,size,large)) m(color,color) m(shape,shape) m(size,size) m(red,red) m(box,box) m(large,large) m(green,green)
Answer: 21
m(t(o1,color,red),t(o1,color,red)) m(o1,o1) m(t(o1,shape,box),t(o1,shape,box)) m(t(o1,size,large),t(o1,size,large)) m(o2,o2) m(t(o2,color,green),t(o2,color,green)) m(t(o2,shape,box),t(o2,shape,box)) m(t(o2,size,large),t(o2,size,large)) m(o3,o3) m(t(o3,color,red),t(o3,color,red)) m(t(o3,shape,box),t(o3,shape,box)) m(t(o3,size,large),t(o3,size,large)) m(o4,o4) m(t(o4,color,red),t(o4,color,red)) m(t(o4,shape,box),t(o4,shape,box)) m(t(o4,size,large),t(o4,size,large)) m(color,color) m(shape,box) m(size,large) m(red,red) m(box,shape) m(large,size) m(green,green)
Answer: 22
m(t(o1,color,red),t(o1,color,red)) m(o1,o1) m(t(o1,shape,box),t(o1,shape,box)) m(t(o1,size,large),t(o1,size,large)) m(o2,o2) m(t(o2,color,green),t(o2,color,green)) m(t(o2,shape,box),t(o2,shape,box)) m(t(o2,size,large),t(o2,size,large)) m(o3,o3) m(t(o3,color,red),t(o3,color,red)) m(t(o3,shape,box),t(o3,shape,box)) m(t(o3,size,large),t(o3,size,large)) m(o4,o4) m(t(o4,color,red),t(o4,color,red)) m(t(o4,shape,box),t(o4,shape,box)) m(t(o4,size,large),t(o4,size,large)) m(color,color) m(shape,box) m(size,size) m(red,red) m(box,shape) m(large,large) m(green,green)
Answer: 23
m(t(o1,color,red),t(o1,color,red)) m(o1,o1) m(t(o1,shape,box),t(o1,shape,box)) m(t(o1,size,large),t(o1,size,large)) m(o2,o2) m(t(o2,color,green),t(o2,color,green)) m(t(o2,shape,box),t(o2,shape,box)) m(t(o2,size,large),t(o2,size,large)) m(o3,o3) m(t(o3,color,red),t(o3,color,red)) m(t(o3,shape,box),t(o3,shape,box)) m(t(o3,size,large),t(o3,size,large)) m(o4,o4) m(t(o4,color,red),t(o4,color,red)) m(t(o4,shape,box),t(o4,shape,box)) m(t(o4,size,large),t(o4,size,large)) m(color,color) m(shape,shape) m(size,large) m(red,red) m(box,box) m(large,size) m(green,green)
Answer: 24
m(t(o1,color,red),t(o1,color,red)) m(o1,o1) m(t(o1,shape,box),t(o1,shape,box)) m(t(o1,size,large),t(o1,size,large)) m(o2,o2) m(t(o2,color,green),t(o2,color,green)) m(t(o2,shape,box),t(o2,shape,box)) m(t(o2,size,large),t(o2,size,large)) m(o3,o3) m(t(o3,color,red),t(o3,color,red)) m(t(o3,shape,box),t(o3,shape,box)) m(t(o3,size,large),t(o3,size,large)) m(o4,o4) m(t(o4,color,red),t(o4,color,red)) m(t(o4,shape,box),t(o4,shape,box)) m(t(o4,size,large),t(o4,size,large)) m(color,color) m(shape,shape) m(size,size) m(red,red) m(box,box) m(large,large) m(green,green)
Answer: 25
m(o1,o4) m(t(o1,color,red),t(o4,color,red)) m(t(o1,shape,box),t(o4,size,large)) m(t(o1,size,large),t(o4,shape,box)) m(o2,o2) m(t(o2,color,green),t(o2,color,green)) m(t(o2,shape,box),t(o2,size,large)) m(t(o2,size,large),t(o2,shape,box)) m(o3,o3) m(t(o3,color,red),t(o3,color,red)) m(t(o3,shape,box),t(o3,size,large)) m(t(o3,size,large),t(o3,shape,box)) m(t(o4,color,red),t(o1,color,red)) m(o4,o1) m(t(o4,shape,box),t(o1,size,large)) m(t(o4,size,large),t(o1,shape,box)) m(color,color) m(shape,large) m(size,box) m(red,red) m(box,size) m(large,shape) m(green,green)
Answer: 26
m(o1,o4) m(t(o1,color,red),t(o4,color,red)) m(t(o1,shape,box),t(o4,size,large)) m(t(o1,size,large),t(o4,shape,box)) m(o2,o2) m(t(o2,color,green),t(o2,color,green)) m(t(o2,shape,box),t(o2,size,large)) m(t(o2,size,large),t(o2,shape,box)) m(o3,o3) m(t(o3,color,red),t(o3,color,red)) m(t(o3,shape,box),t(o3,size,large)) m(t(o3,size,large),t(o3,shape,box)) m(t(o4,color,red),t(o1,color,red)) m(o4,o1) m(t(o4,shape,box),t(o1,size,large)) m(t(o4,size,large),t(o1,shape,box)) m(color,color) m(shape,size) m(size,box) m(red,red) m(box,large) m(large,shape) m(green,green)
Answer: 27
m(o1,o4) m(t(o1,color,red),t(o4,color,red)) m(t(o1,shape,box),t(o4,size,large)) m(t(o1,size,large),t(o4,shape,box)) m(o2,o2) m(t(o2,color,green),t(o2,color,green)) m(t(o2,shape,box),t(o2,size,large)) m(t(o2,size,large),t(o2,shape,box)) m(o3,o3) m(t(o3,color,red),t(o3,color,red)) m(t(o3,shape,box),t(o3,size,large)) m(t(o3,size,large),t(o3,shape,box)) m(t(o4,color,red),t(o1,color,red)) m(o4,o1) m(t(o4,shape,box),t(o1,size,large)) m(t(o4,size,large),t(o1,shape,box)) m(color,color) m(shape,large) m(size,shape) m(red,red) m(box,size) m(large,box) m(green,green)
Answer: 28
m(o1,o4) m(t(o1,color,red),t(o4,color,red)) m(t(o1,shape,box),t(o4,size,large)) m(t(o1,size,large),t(o4,shape,box)) m(o2,o2) m(t(o2,color,green),t(o2,color,green)) m(t(o2,shape,box),t(o2,size,large)) m(t(o2,size,large),t(o2,shape,box)) m(o3,o3) m(t(o3,color,red),t(o3,color,red)) m(t(o3,shape,box),t(o3,size,large)) m(t(o3,size,large),t(o3,shape,box)) m(t(o4,color,red),t(o1,color,red)) m(o4,o1) m(t(o4,shape,box),t(o1,size,large)) m(t(o4,size,large),t(o1,shape,box)) m(color,color) m(shape,size) m(size,shape) m(red,red) m(box,large) m(large,box) m(green,green)
Answer: 29
m(t(o1,color,red),t(o1,color,red)) m(o1,o1) m(t(o1,shape,box),t(o1,size,large)) m(t(o1,size,large),t(o1,shape,box)) m(o2,o2) m(t(o2,color,green),t(o2,color,green)) m(t(o2,shape,box),t(o2,size,large)) m(t(o2,size,large),t(o2,shape,box)) m(o3,o3) m(t(o3,color,red),t(o3,color,red)) m(t(o3,shape,box),t(o3,size,large)) m(t(o3,size,large),t(o3,shape,box)) m(o4,o4) m(t(o4,color,red),t(o4,color,red)) m(t(o4,shape,box),t(o4,size,large)) m(t(o4,size,large),t(o4,shape,box)) m(color,color) m(shape,size) m(size,box) m(red,red) m(box,large) m(large,shape) m(green,green)
Answer: 30
m(t(o1,color,red),t(o1,color,red)) m(o1,o1) m(t(o1,shape,box),t(o1,size,large)) m(t(o1,size,large),t(o1,shape,box)) m(o2,o2) m(t(o2,color,green),t(o2,color,green)) m(t(o2,shape,box),t(o2,size,large)) m(t(o2,size,large),t(o2,shape,box)) m(o3,o3) m(t(o3,color,red),t(o3,color,red)) m(t(o3,shape,box),t(o3,size,large)) m(t(o3,size,large),t(o3,shape,box)) m(o4,o4) m(t(o4,color,red),t(o4,color,red)) m(t(o4,shape,box),t(o4,size,large)) m(t(o4,size,large),t(o4,shape,box)) m(color,color) m(shape,large) m(size,box) m(red,red) m(box,size) m(large,shape) m(green,green)
Answer: 31
m(t(o1,color,red),t(o1,color,red)) m(o1,o1) m(t(o1,shape,box),t(o1,size,large)) m(t(o1,size,large),t(o1,shape,box)) m(o2,o2) m(t(o2,color,green),t(o2,color,green)) m(t(o2,shape,box),t(o2,size,large)) m(t(o2,size,large),t(o2,shape,box)) m(o3,o3) m(t(o3,color,red),t(o3,color,red)) m(t(o3,shape,box),t(o3,size,large)) m(t(o3,size,large),t(o3,shape,box)) m(o4,o4) m(t(o4,color,red),t(o4,color,red)) m(t(o4,shape,box),t(o4,size,large)) m(t(o4,size,large),t(o4,shape,box)) m(color,color) m(shape,size) m(size,shape) m(red,red) m(box,large) m(large,box) m(green,green)
Answer: 32
m(t(o1,color,red),t(o1,color,red)) m(o1,o1) m(t(o1,shape,box),t(o1,size,large)) m(t(o1,size,large),t(o1,shape,box)) m(o2,o2) m(t(o2,color,green),t(o2,color,green)) m(t(o2,shape,box),t(o2,size,large)) m(t(o2,size,large),t(o2,shape,box)) m(o3,o3) m(t(o3,color,red),t(o3,color,red)) m(t(o3,shape,box),t(o3,size,large)) m(t(o3,size,large),t(o3,shape,box)) m(o4,o4) m(t(o4,color,red),t(o4,color,red)) m(t(o4,shape,box),t(o4,size,large)) m(t(o4,size,large),t(o4,shape,box)) m(color,color) m(shape,large) m(size,shape) m(red,red) m(box,size) m(large,box) m(green,green)
Answer: 33
m(o1,o4) m(t(o1,color,red),t(o4,color,red)) m(t(o1,shape,box),t(o4,shape,box)) m(t(o1,size,large),t(o4,size,large)) m(o2,o2) m(t(o2,color,green),t(o2,color,green)) m(t(o2,shape,box),t(o2,shape,box)) m(t(o2,size,large),t(o2,size,large)) m(t(o3,color,red),t(o1,color,red)) m(o3,o1) m(t(o3,shape,box),t(o1,shape,box)) m(t(o3,size,large),t(o1,size,large)) m(o4,o3) m(t(o4,color,red),t(o3,color,red)) m(t(o4,shape,box),t(o3,shape,box)) m(t(o4,size,large),t(o3,size,large)) m(color,color) m(shape,box) m(size,size) m(red,red) m(box,shape) m(large,large) m(green,green)
Answer: 34
m(o1,o4) m(t(o1,color,red),t(o4,color,red)) m(t(o1,shape,box),t(o4,shape,box)) m(t(o1,size,large),t(o4,size,large)) m(o2,o2) m(t(o2,color,green),t(o2,color,green)) m(t(o2,shape,box),t(o2,shape,box)) m(t(o2,size,large),t(o2,size,large)) m(t(o3,color,red),t(o1,color,red)) m(o3,o1) m(t(o3,shape,box),t(o1,shape,box)) m(t(o3,size,large),t(o1,size,large)) m(o4,o3) m(t(o4,color,red),t(o3,color,red)) m(t(o4,shape,box),t(o3,shape,box)) m(t(o4,size,large),t(o3,size,large)) m(color,color) m(shape,box) m(size,large) m(red,red) m(box,shape) m(large,size) m(green,green)
Answer: 35
m(o1,o4) m(t(o1,color,red),t(o4,color,red)) m(t(o1,shape,box),t(o4,shape,box)) m(t(o1,size,large),t(o4,size,large)) m(o2,o2) m(t(o2,color,green),t(o2,color,green)) m(t(o2,shape,box),t(o2,shape,box)) m(t(o2,size,large),t(o2,size,large)) m(t(o3,color,red),t(o1,color,red)) m(o3,o1) m(t(o3,shape,box),t(o1,shape,box)) m(t(o3,size,large),t(o1,size,large)) m(o4,o3) m(t(o4,color,red),t(o3,color,red)) m(t(o4,shape,box),t(o3,shape,box)) m(t(o4,size,large),t(o3,size,large)) m(color,color) m(shape,shape) m(size,size) m(red,red) m(box,box) m(large,large) m(green,green)
Answer: 36
m(o1,o4) m(t(o1,color,red),t(o4,color,red)) m(t(o1,shape,box),t(o4,shape,box)) m(t(o1,size,large),t(o4,size,large)) m(o2,o2) m(t(o2,color,green),t(o2,color,green)) m(t(o2,shape,box),t(o2,shape,box)) m(t(o2,size,large),t(o2,size,large)) m(t(o3,color,red),t(o1,color,red)) m(o3,o1) m(t(o3,shape,box),t(o1,shape,box)) m(t(o3,size,large),t(o1,size,large)) m(o4,o3) m(t(o4,color,red),t(o3,color,red)) m(t(o4,shape,box),t(o3,shape,box)) m(t(o4,size,large),t(o3,size,large)) m(color,color) m(shape,shape) m(size,large) m(red,red) m(box,box) m(large,size) m(green,green)
Answer: 37
m(o1,o3) m(t(o1,color,red),t(o3,color,red)) m(t(o1,shape,box),t(o3,shape,box)) m(t(o1,size,large),t(o3,size,large)) m(o2,o2) m(t(o2,color,green),t(o2,color,green)) m(t(o2,shape,box),t(o2,shape,box)) m(t(o2,size,large),t(o2,size,large)) m(t(o3,color,red),t(o1,color,red)) m(o3,o1) m(t(o3,shape,box),t(o1,shape,box)) m(t(o3,size,large),t(o1,size,large)) m(o4,o4) m(t(o4,color,red),t(o4,color,red)) m(t(o4,shape,box),t(o4,shape,box)) m(t(o4,size,large),t(o4,size,large)) m(color,color) m(shape,box) m(size,size) m(red,red) m(box,shape) m(large,large) m(green,green)
Answer: 38
m(o1,o3) m(t(o1,color,red),t(o3,color,red)) m(t(o1,shape,box),t(o3,shape,box)) m(t(o1,size,large),t(o3,size,large)) m(o2,o2) m(t(o2,color,green),t(o2,color,green)) m(t(o2,shape,box),t(o2,shape,box)) m(t(o2,size,large),t(o2,size,large)) m(t(o3,color,red),t(o1,color,red)) m(o3,o1) m(t(o3,shape,box),t(o1,shape,box)) m(t(o3,size,large),t(o1,size,large)) m(o4,o4) m(t(o4,color,red),t(o4,color,red)) m(t(o4,shape,box),t(o4,shape,box)) m(t(o4,size,large),t(o4,size,large)) m(color,color) m(shape,box) m(size,large) m(red,red) m(box,shape) m(large,size) m(green,green)
Answer: 39
m(o1,o3) m(t(o1,color,red),t(o3,color,red)) m(t(o1,shape,box),t(o3,shape,box)) m(t(o1,size,large),t(o3,size,large)) m(o2,o2) m(t(o2,color,green),t(o2,color,green)) m(t(o2,shape,box),t(o2,shape,box)) m(t(o2,size,large),t(o2,size,large)) m(t(o3,color,red),t(o1,color,red)) m(o3,o1) m(t(o3,shape,box),t(o1,shape,box)) m(t(o3,size,large),t(o1,size,large)) m(o4,o4) m(t(o4,color,red),t(o4,color,red)) m(t(o4,shape,box),t(o4,shape,box)) m(t(o4,size,large),t(o4,size,large)) m(color,color) m(shape,shape) m(size,size) m(red,red) m(box,box) m(large,large) m(green,green)
Answer: 40
m(o1,o3) m(t(o1,color,red),t(o3,color,red)) m(t(o1,shape,box),t(o3,shape,box)) m(t(o1,size,large),t(o3,size,large)) m(o2,o2) m(t(o2,color,green),t(o2,color,green)) m(t(o2,shape,box),t(o2,shape,box)) m(t(o2,size,large),t(o2,size,large)) m(t(o3,color,red),t(o1,color,red)) m(o3,o1) m(t(o3,shape,box),t(o1,shape,box)) m(t(o3,size,large),t(o1,size,large)) m(o4,o4) m(t(o4,color,red),t(o4,color,red)) m(t(o4,shape,box),t(o4,shape,box)) m(t(o4,size,large),t(o4,size,large)) m(color,color) m(shape,shape) m(size,large) m(red,red) m(box,box) m(large,size) m(green,green)
Answer: 41
m(o1,o4) m(t(o1,color,red),t(o4,color,red)) m(t(o1,shape,box),t(o4,size,large)) m(t(o1,size,large),t(o4,shape,box)) m(o2,o2) m(t(o2,color,green),t(o2,color,green)) m(t(o2,shape,box),t(o2,size,large)) m(t(o2,size,large),t(o2,shape,box)) m(t(o3,color,red),t(o1,color,red)) m(o3,o1) m(t(o3,shape,box),t(o1,size,large)) m(t(o3,size,large),t(o1,shape,box)) m(o4,o3) m(t(o4,color,red),t(o3,color,red)) m(t(o4,shape,box),t(o3,size,large)) m(t(o4,size,large),t(o3,shape,box)) m(color,color) m(shape,size) m(size,box) m(red,red) m(box,large) m(large,shape) m(green,green)
Answer: 42
m(o1,o4) m(t(o1,color,red),t(o4,color,red)) m(t(o1,shape,box),t(o4,size,large)) m(t(o1,size,large),t(o4,shape,box)) m(o2,o2) m(t(o2,color,green),t(o2,color,green)) m(t(o2,shape,box),t(o2,size,large)) m(t(o2,size,large),t(o2,shape,box)) m(t(o3,color,red),t(o1,color,red)) m(o3,o1) m(t(o3,shape,box),t(o1,size,large)) m(t(o3,size,large),t(o1,shape,box)) m(o4,o3) m(t(o4,color,red),t(o3,color,red)) m(t(o4,shape,box),t(o3,size,large)) m(t(o4,size,large),t(o3,shape,box)) m(color,color) m(shape,large) m(size,box) m(red,red) m(box,size) m(large,shape) m(green,green)
Answer: 43
m(o1,o4) m(t(o1,color,red),t(o4,color,red)) m(t(o1,shape,box),t(o4,size,large)) m(t(o1,size,large),t(o4,shape,box)) m(o2,o2) m(t(o2,color,green),t(o2,color,green)) m(t(o2,shape,box),t(o2,size,large)) m(t(o2,size,large),t(o2,shape,box)) m(t(o3,color,red),t(o1,color,red)) m(o3,o1) m(t(o3,shape,box),t(o1,size,large)) m(t(o3,size,large),t(o1,shape,box)) m(o4,o3) m(t(o4,color,red),t(o3,color,red)) m(t(o4,shape,box),t(o3,size,large)) m(t(o4,size,large),t(o3,shape,box)) m(color,color) m(shape,large) m(size,shape) m(red,red) m(box,size) m(large,box) m(green,green)
Answer: 44
m(o1,o4) m(t(o1,color,red),t(o4,color,red)) m(t(o1,shape,box),t(o4,size,large)) m(t(o1,size,large),t(o4,shape,box)) m(o2,o2) m(t(o2,color,green),t(o2,color,green)) m(t(o2,shape,box),t(o2,size,large)) m(t(o2,size,large),t(o2,shape,box)) m(t(o3,color,red),t(o1,color,red)) m(o3,o1) m(t(o3,shape,box),t(o1,size,large)) m(t(o3,size,large),t(o1,shape,box)) m(o4,o3) m(t(o4,color,red),t(o3,color,red)) m(t(o4,shape,box),t(o3,size,large)) m(t(o4,size,large),t(o3,shape,box)) m(color,color) m(shape,size) m(size,shape) m(red,red) m(box,large) m(large,box) m(green,green)
Answer: 45
m(o1,o3) m(t(o1,color,red),t(o3,color,red)) m(t(o1,shape,box),t(o3,size,large)) m(t(o1,size,large),t(o3,shape,box)) m(o2,o2) m(t(o2,color,green),t(o2,color,green)) m(t(o2,shape,box),t(o2,size,large)) m(t(o2,size,large),t(o2,shape,box)) m(t(o3,color,red),t(o1,color,red)) m(o3,o1) m(t(o3,shape,box),t(o1,size,large)) m(t(o3,size,large),t(o1,shape,box)) m(o4,o4) m(t(o4,color,red),t(o4,color,red)) m(t(o4,shape,box),t(o4,size,large)) m(t(o4,size,large),t(o4,shape,box)) m(color,color) m(shape,size) m(size,box) m(red,red) m(box,large) m(large,shape) m(green,green)
Answer: 46
m(o1,o3) m(t(o1,color,red),t(o3,color,red)) m(t(o1,shape,box),t(o3,size,large)) m(t(o1,size,large),t(o3,shape,box)) m(o2,o2) m(t(o2,color,green),t(o2,color,green)) m(t(o2,shape,box),t(o2,size,large)) m(t(o2,size,large),t(o2,shape,box)) m(t(o3,color,red),t(o1,color,red)) m(o3,o1) m(t(o3,shape,box),t(o1,size,large)) m(t(o3,size,large),t(o1,shape,box)) m(o4,o4) m(t(o4,color,red),t(o4,color,red)) m(t(o4,shape,box),t(o4,size,large)) m(t(o4,size,large),t(o4,shape,box)) m(color,color) m(shape,large) m(size,box) m(red,red) m(box,size) m(large,shape) m(green,green)
Answer: 47
m(o1,o3) m(t(o1,color,red),t(o3,color,red)) m(t(o1,shape,box),t(o3,size,large)) m(t(o1,size,large),t(o3,shape,box)) m(o2,o2) m(t(o2,color,green),t(o2,color,green)) m(t(o2,shape,box),t(o2,size,large)) m(t(o2,size,large),t(o2,shape,box)) m(t(o3,color,red),t(o1,color,red)) m(o3,o1) m(t(o3,shape,box),t(o1,size,large)) m(t(o3,size,large),t(o1,shape,box)) m(o4,o4) m(t(o4,color,red),t(o4,color,red)) m(t(o4,shape,box),t(o4,size,large)) m(t(o4,size,large),t(o4,shape,box)) m(color,color) m(shape,size) m(size,shape) m(red,red) m(box,large) m(large,box) m(green,green)
Answer: 48
m(o1,o3) m(t(o1,color,red),t(o3,color,red)) m(t(o1,shape,box),t(o3,size,large)) m(t(o1,size,large),t(o3,shape,box)) m(o2,o2) m(t(o2,color,green),t(o2,color,green)) m(t(o2,shape,box),t(o2,size,large)) m(t(o2,size,large),t(o2,shape,box)) m(t(o3,color,red),t(o1,color,red)) m(o3,o1) m(t(o3,shape,box),t(o1,size,large)) m(t(o3,size,large),t(o1,shape,box)) m(o4,o4) m(t(o4,color,red),t(o4,color,red)) m(t(o4,shape,box),t(o4,size,large)) m(t(o4,size,large),t(o4,shape,box)) m(color,color) m(shape,large) m(size,shape) m(red,red) m(box,size) m(large,box) m(green,green)
SATISFIABLE

Models       : 48
Calls        : 1
Time         : 0.057s (Solving: 0.01s 1st Model: 0.00s Unsat: 0.00s)
CPU Time     : 0.057s

*** Evaluating AUTOMORPHISM on DB ex5.pl ***
clingo version 5.2.0
Reading from ex2.pl ...
Solving...
Answer: 1
m(t(o1,color,red),t(o1,color,red)) m(o1,o1) m(t(o1,shape,box),t(o1,shape,box)) m(t(o1,size,large),t(o1,size,large)) m(o2,o2) m(t(o2,color,blue),t(o2,color,blue)) m(t(o2,shape,box),t(o2,shape,box)) m(t(o2,size,large),t(o2,size,large)) m(o3,o3) m(t(o3,color,blue),t(o3,color,blue)) m(t(o3,shape,circle),t(o3,shape,circle)) m(t(o3,size,large),t(o3,size,large)) m(o4,o4) m(t(o4,color,red),t(o4,color,red)) m(t(o4,shape,box),t(o4,shape,box)) m(t(o4,size,large),t(o4,size,large)) m(color,color) m(shape,shape) m(size,large) m(red,red) m(box,box) m(large,size) m(blue,blue) m(circle,circle)
Answer: 2
m(t(o1,color,red),t(o1,color,red)) m(o1,o1) m(t(o1,shape,box),t(o1,shape,box)) m(t(o1,size,large),t(o1,size,large)) m(o2,o2) m(t(o2,color,blue),t(o2,color,blue)) m(t(o2,shape,box),t(o2,shape,box)) m(t(o2,size,large),t(o2,size,large)) m(o3,o3) m(t(o3,color,blue),t(o3,color,blue)) m(t(o3,shape,circle),t(o3,shape,circle)) m(t(o3,size,large),t(o3,size,large)) m(o4,o4) m(t(o4,color,red),t(o4,color,red)) m(t(o4,shape,box),t(o4,shape,box)) m(t(o4,size,large),t(o4,size,large)) m(color,color) m(shape,shape) m(size,size) m(red,red) m(box,box) m(large,large) m(blue,blue) m(circle,circle)
Answer: 3
m(o1,o4) m(t(o1,color,red),t(o4,color,red)) m(t(o1,shape,box),t(o4,shape,box)) m(t(o1,size,large),t(o4,size,large)) m(o2,o2) m(t(o2,color,blue),t(o2,color,blue)) m(t(o2,shape,box),t(o2,shape,box)) m(t(o2,size,large),t(o2,size,large)) m(o3,o3) m(t(o3,color,blue),t(o3,color,blue)) m(t(o3,shape,circle),t(o3,shape,circle)) m(t(o3,size,large),t(o3,size,large)) m(t(o4,color,red),t(o1,color,red)) m(o4,o1) m(t(o4,shape,box),t(o1,shape,box)) m(t(o4,size,large),t(o1,size,large)) m(color,color) m(shape,shape) m(size,large) m(red,red) m(box,box) m(large,size) m(blue,blue) m(circle,circle)
Answer: 4
m(o1,o4) m(t(o1,color,red),t(o4,color,red)) m(t(o1,shape,box),t(o4,shape,box)) m(t(o1,size,large),t(o4,size,large)) m(o2,o2) m(t(o2,color,blue),t(o2,color,blue)) m(t(o2,shape,box),t(o2,shape,box)) m(t(o2,size,large),t(o2,size,large)) m(o3,o3) m(t(o3,color,blue),t(o3,color,blue)) m(t(o3,shape,circle),t(o3,shape,circle)) m(t(o3,size,large),t(o3,size,large)) m(t(o4,color,red),t(o1,color,red)) m(o4,o1) m(t(o4,shape,box),t(o1,shape,box)) m(t(o4,size,large),t(o1,size,large)) m(color,color) m(shape,shape) m(size,size) m(red,red) m(box,box) m(large,large) m(blue,blue) m(circle,circle)
SATISFIABLE

Models       : 4
Calls        : 1
Time         : 0.062s (Solving: 0.00s 1st Model: 0.00s Unsat: 0.00s)
CPU Time     : 0.062s

*** Evaluating AUTOMORPHISM on DB ex5.pl ***
clingo version 5.2.0
Reading from ex3.pl ...
Solving...
Answer: 1
m(o1,o3) m(t(o1,color,red),t(o3,color,blue)) m(t(o1,shape,box),t(o3,size,large)) m(t(o1,size,small),t(o3,shape,circle)) m(o2,o4) m(t(o2,color,blue),t(o4,color,red)) m(t(o2,shape,box),t(o4,size,large)) m(t(o2,size,large),t(o4,shape,box)) m(t(o3,color,blue),t(o1,color,red)) m(o3,o1) m(t(o3,shape,circle),t(o1,size,small)) m(t(o3,size,large),t(o1,shape,box)) m(o4,o2) m(t(o4,color,red),t(o2,color,blue)) m(t(o4,shape,box),t(o2,size,large)) m(t(o4,size,large),t(o2,shape,box)) m(color,color) m(shape,size) m(size,shape) m(red,blue) m(box,large) m(small,circle) m(blue,red) m(large,box) m(circle,small)
Answer: 2
m(t(o1,color,red),t(o1,color,red)) m(o1,o1) m(t(o1,shape,box),t(o1,shape,box)) m(t(o1,size,small),t(o1,size,small)) m(o2,o2) m(t(o2,color,blue),t(o2,color,blue)) m(t(o2,shape,box),t(o2,shape,box)) m(t(o2,size,large),t(o2,size,large)) m(o3,o3) m(t(o3,color,blue),t(o3,color,blue)) m(t(o3,shape,circle),t(o3,shape,circle)) m(t(o3,size,large),t(o3,size,large)) m(o4,o4) m(t(o4,color,red),t(o4,color,red)) m(t(o4,shape,box),t(o4,shape,box)) m(t(o4,size,large),t(o4,size,large)) m(color,color) m(shape,shape) m(size,size) m(red,red) m(box,box) m(small,small) m(blue,blue) m(large,large) m(circle,circle)
SATISFIABLE

Models       : 2
Calls        : 1
Time         : 0.067s (Solving: 0.00s 1st Model: 0.00s Unsat: 0.00s)
CPU Time     : 0.067s

*** Evaluating AUTOMORPHISM on DB ex5.pl ***
clingo version 5.2.0
Reading from ex4.pl ...
Solving...
Answer: 1
m(o1,o3) m(t(o1,color,blue),t(o3,color,red)) m(t(o1,size,large),t(o3,shape,box)) m(t(o1,shape,circle),t(o3,size,small)) m(o2,o4) m(t(o2,color,red),t(o4,color,blue)) m(t(o2,size,large),t(o4,shape,box)) m(t(o2,shape,box),t(o4,size,large)) m(t(o3,color,red),t(o1,color,blue)) m(o3,o1) m(t(o3,size,small),t(o1,shape,circle)) m(t(o3,shape,box),t(o1,size,large)) m(o4,o2) m(t(o4,color,blue),t(o2,color,red)) m(t(o4,size,large),t(o2,shape,box)) m(t(o4,shape,box),t(o2,size,large)) m(color,color) m(size,shape) m(shape,size) m(blue,red) m(large,box) m(circle,small) m(red,blue) m(box,large) m(small,circle)
Answer: 2
m(t(o1,color,blue),t(o1,color,blue)) m(o1,o1) m(t(o1,size,large),t(o1,size,large)) m(t(o1,shape,circle),t(o1,shape,circle)) m(o2,o2) m(t(o2,color,red),t(o2,color,red)) m(t(o2,size,large),t(o2,size,large)) m(t(o2,shape,box),t(o2,shape,box)) m(o3,o3) m(t(o3,color,red),t(o3,color,red)) m(t(o3,size,small),t(o3,size,small)) m(t(o3,shape,box),t(o3,shape,box)) m(o4,o4) m(t(o4,color,blue),t(o4,color,blue)) m(t(o4,size,large),t(o4,size,large)) m(t(o4,shape,box),t(o4,shape,box)) m(color,color) m(size,size) m(shape,shape) m(blue,blue) m(large,large) m(circle,circle) m(red,red) m(box,box) m(small,small)
SATISFIABLE

Models       : 2
Calls        : 1
Time         : 0.069s (Solving: 0.00s 1st Model: 0.00s Unsat: 0.00s)
CPU Time     : 0.068s

*** Evaluating AUTOMORPHISM on DB ex5.pl ***
clingo version 5.2.0
Reading from ex5.pl ...
Solving...
Answer: 1
m(o1,o3) m(t(o1,color,red),t(o3,color,red)) m(t(o1,shape,box),t(o3,size,large)) m(t(o1,size,small),t(o3,shape,circle)) m(o2,o2) m(t(o2,color,green),t(o2,color,green)) m(t(o2,shape,box),t(o2,size,large)) m(t(o2,size,large),t(o2,shape,box)) m(t(o3,color,red),t(o1,color,red)) m(o3,o1) m(t(o3,shape,circle),t(o1,size,small)) m(t(o3,size,large),t(o1,shape,box)) m(o4,o4) m(t(o4,color,red),t(o4,color,red)) m(t(o4,shape,box),t(o4,size,large)) m(t(o4,size,large),t(o4,shape,box)) m(color,color) m(shape,size) m(size,shape) m(red,red) m(box,large) m(small,circle) m(green,green) m(large,box) m(circle,small)
Answer: 2
m(o1,o2) m(t(o1,color,red),t(o2,size,large)) m(t(o1,shape,box),t(o2,shape,box)) m(t(o1,size,small),t(o2,color,green)) m(t(o2,color,green),t(o1,size,small)) m(o2,o1) m(t(o2,shape,box),t(o1,shape,box)) m(t(o2,size,large),t(o1,color,red)) m(o3,o3) m(t(o3,color,red),t(o3,size,large)) m(t(o3,shape,circle),t(o3,shape,circle)) m(t(o3,size,large),t(o3,color,red)) m(o4,o4) m(t(o4,color,red),t(o4,size,large)) m(t(o4,shape,box),t(o4,shape,box)) m(t(o4,size,large),t(o4,color,red)) m(color,size) m(shape,shape) m(size,color) m(red,large) m(box,box) m(small,green) m(green,small) m(large,red) m(circle,circle)
Answer: 3
m(t(o1,color,red),t(o1,shape,box)) m(o1,o1) m(t(o1,shape,box),t(o1,color,red)) m(t(o1,size,small),t(o1,size,small)) m(o2,o3) m(t(o2,color,green),t(o3,shape,circle)) m(t(o2,shape,box),t(o3,color,red)) m(t(o2,size,large),t(o3,size,large)) m(o3,o2) m(t(o3,color,red),t(o2,shape,box)) m(t(o3,shape,circle),t(o2,color,green)) m(t(o3,size,large),t(o2,size,large)) m(o4,o4) m(t(o4,color,red),t(o4,shape,box)) m(t(o4,shape,box),t(o4,color,red)) m(t(o4,size,large),t(o4,size,large)) m(color,shape) m(shape,color) m(size,size) m(red,box) m(box,red) m(small,small) m(green,circle) m(large,large) m(circle,green)
Answer: 4
m(o1,o3) m(t(o1,color,red),t(o3,size,large)) m(t(o1,shape,box),t(o3,color,red)) m(t(o1,size,small),t(o3,shape,circle)) m(t(o2,color,green),t(o1,size,small)) m(o2,o1) m(t(o2,shape,box),t(o1,color,red)) m(t(o2,size,large),t(o1,shape,box)) m(o3,o2) m(t(o3,color,red),t(o2,size,large)) m(t(o3,shape,circle),t(o2,color,green)) m(t(o3,size,large),t(o2,shape,box)) m(o4,o4) m(t(o4,color,red),t(o4,size,large)) m(t(o4,shape,box),t(o4,color,red)) m(t(o4,size,large),t(o4,shape,box)) m(color,size) m(shape,color) m(size,shape) m(red,large) m(box,red) m(small,circle) m(green,small) m(large,box) m(circle,green)
Answer: 5
m(t(o1,color,red),t(o1,color,red)) m(o1,o1) m(t(o1,shape,box),t(o1,shape,box)) m(t(o1,size,small),t(o1,size,small)) m(o2,o2) m(t(o2,color,green),t(o2,color,green)) m(t(o2,shape,box),t(o2,shape,box)) m(t(o2,size,large),t(o2,size,large)) m(o3,o3) m(t(o3,color,red),t(o3,color,red)) m(t(o3,shape,circle),t(o3,shape,circle)) m(t(o3,size,large),t(o3,size,large)) m(o4,o4) m(t(o4,color,red),t(o4,color,red)) m(t(o4,shape,box),t(o4,shape,box)) m(t(o4,size,large),t(o4,size,large)) m(color,color) m(shape,shape) m(size,size) m(red,red) m(box,box) m(small,small) m(green,green) m(large,large) m(circle,circle)
Answer: 6
m(o1,o2) m(t(o1,color,red),t(o2,shape,box)) m(t(o1,shape,box),t(o2,size,large)) m(t(o1,size,small),t(o2,color,green)) m(o2,o3) m(t(o2,color,green),t(o3,shape,circle)) m(t(o2,shape,box),t(o3,size,large)) m(t(o2,size,large),t(o3,color,red)) m(t(o3,color,red),t(o1,shape,box)) m(o3,o1) m(t(o3,shape,circle),t(o1,size,small)) m(t(o3,size,large),t(o1,color,red)) m(o4,o4) m(t(o4,color,red),t(o4,shape,box)) m(t(o4,shape,box),t(o4,size,large)) m(t(o4,size,large),t(o4,color,red)) m(color,shape) m(shape,size) m(size,color) m(red,box) m(box,large) m(small,green) m(green,circle) m(large,red) m(circle,small)
SATISFIABLE

Models       : 6
Calls        : 1
Time         : 0.068s (Solving: 0.00s 1st Model: 0.00s Unsat: 0.00s)
CPU Time     : 0.068s

