Models       : 33554432
Calls        : 1
Time         : 50.635s (Solving: 50.63s 1st Model: 0.00s Unsat: 0.00s)
CPU Time     : 49.847s
Choices      : 33554431
Conflicts    : 0        (Analyzed: 0)
Restarts     : 0       
Model-Level  : 12.5    
Problems     : 1        (Average Length: 0.00 Splits: 0)
Lemmas       : 0        (Deleted: 0)
  Binary     : 0        (Ratio:   0.00%)
  Ternary    : 0        (Ratio:   0.00%)
  Conflict   : 0        (Average Length:    0.0 Ratio:   0.00%) 
  Loop       : 0        (Average Length:    0.0 Ratio:   0.00%) 
  Other      : 0        (Average Length:    0.0 Ratio:   0.00%) 
Backjumps    : 0        (Average:  0.00 Max:   0 Sum:      0)
  Executed   : 0        (Average:  0.00 Max:   0 Sum:      0 Ratio:   0.00%)
  Bounded    : 0        (Average:  0.00 Max:   0 Sum:      0 Ratio: 100.00%)
Rules        : 80       (Original: 30)
Atoms        : 55      
Disjunctions : 0        (Original: 25)
Bodies       : 51       (Original: 1)
Equivalences : 75       (Atom=Atom: 0 Body=Body: 0 Other: 75)
Tight        : Yes
Variables    : 50       (Eliminated:    0 Frozen:    0)
Constraints  : 100      (Binary: 100.0% Ternary:   0.0% Other:   0.0%)
