Models       : 65536
Calls        : 1
Time         : 0.099s (Solving: 0.10s 1st Model: 0.00s Unsat: 0.00s)
CPU Time     : 0.099s
Choices      : 65535   
Conflicts    : 0        (Analyzed: 0)
Restarts     : 0       
Model-Level  : 8.0     
Problems     : 1        (Average Length: 0.00 Splits: 0)
Lemmas       : 0        (Deleted: 0)
  Binary     : 0        (Ratio:   0.00%)
  Ternary    : 0        (Ratio:   0.00%)
  Conflict   : 0        (Average Length:    0.0 Ratio:   0.00%) 
  Loop       : 0        (Average Length:    0.0 Ratio:   0.00%) 
  Other      : 0        (Average Length:    0.0 Ratio:   0.00%) 
Backjumps    : 0        (Average:  0.00 Max:   0 Sum:      0)
  Executed   : 0        (Average:  0.00 Max:   0 Sum:      0 Ratio:   0.00%)
  Bounded    : 0        (Average:  0.00 Max:   0 Sum:      0 Ratio: 100.00%)
Rules        : 20      
  Choice     : 16      
Atoms        : 20      
Bodies       : 1       
Tight        : Yes
Variables    : 16       (Eliminated:    0 Frozen:    0)
Constraints  : 0        (Binary:   0.0% Ternary:   0.0% Other:   0.0%)
