*** Processing file ex1.lp4 ***
clingo version 5.2.0
Reading from ex1.lp4 ...
Solving...
Answer: 1
normal(o1) normal(o3) normal(o4) special(o2) unique(o2,green)
SATISFIABLE

Models       : 1
Calls        : 1
Time         : 0.001s (Solving: 0.00s 1st Model: 0.00s Unsat: 0.00s)
CPU Time     : 0.001s

*** Processing file ex2.lp4 ***
clingo version 5.2.0
Reading from ex2.lp4 ...
Solving...
Answer: 1
normal(o1) normal(o2) normal(o4) special(o3) unique(o3,circle)
SATISFIABLE

Models       : 1
Calls        : 1
Time         : 0.001s (Solving: 0.00s 1st Model: 0.00s Unsat: 0.00s)
CPU Time     : 0.001s

*** Processing file ex3.lp4 ***
clingo version 5.2.0
Reading from ex3.lp4 ...
Solving...
Answer: 1
normal(o2) normal(o4) special(o1) special(o3) unique(o1,small) unique(o3,circle)
SATISFIABLE

Models       : 1
Calls        : 1
Time         : 0.001s (Solving: 0.00s 1st Model: 0.00s Unsat: 0.00s)
CPU Time     : 0.001s

*** Processing file ex4.lp4 ***
clingo version 5.2.0
Reading from ex4.lp4 ...
Solving...
Answer: 1
normal(o2) normal(o4) special(o1) special(o3) unique(o1,circle) unique(o3,small)
SATISFIABLE

Models       : 1
Calls        : 1
Time         : 0.001s (Solving: 0.00s 1st Model: 0.00s Unsat: 0.00s)
CPU Time     : 0.001s

*** Processing file ex5.lp4 ***
clingo version 5.2.0
Reading from ex5.lp4 ...
Solving...
Answer: 1
normal(o4) special(o1) special(o2) special(o3) unique(o1,small) unique(o2,green) unique(o3,circle)
SATISFIABLE

Models       : 1
Calls        : 1
Time         : 0.001s (Solving: 0.00s 1st Model: 0.00s Unsat: 0.00s)
CPU Time     : 0.001s

